This file contains any messages produced by compilers while
running configure, to aid debugging if configure makes a mistake.

It was created by Samtools configure 1.3.1, which was
generated by GNU Autoconf 2.69.  Invocation command line was

  $ ./configure --prefix=/Users/federico/Documents/GitHub/TEspeX/bin/samtools-1.3.1/

## --------- ##
## Platform. ##
## --------- ##

hostname = Federicos-MacBook-Pro.local
uname -m = x86_64
uname -r = 17.7.0
uname -s = Darwin
uname -v = Darwin Kernel Version 17.7.0: Fri Jul  6 19:54:51 PDT 2018; root:xnu-4570.71.3~2/RELEASE_X86_64

/usr/bin/uname -p = i386
/bin/uname -X     = unknown

/bin/arch              = unknown
/usr/bin/arch -k       = unknown
/usr/convex/getsysinfo = unknown
/usr/bin/hostinfo      = Mach kernel version:
	 Darwin Kernel Version 17.7.0: Fri Jul  6 19:54:51 PDT 2018; root:xnu-4570.71.3~2/RELEASE_X86_64
Kernel configured for up to 8 processors.
4 processors are physically available.
8 processors are logically available.
Processor type: x86_64h (Intel x86-64h Haswell)
Processors active: 0 1 2 3 4 5 6 7
Primary memory available: 16.00 gigabytes
Default processor set: 372 tasks, 1652 threads, 8 processors
Load average: 2.13, Mach factor: 5.85
/bin/machine           = unknown
/usr/bin/oslevel       = unknown
/bin/universe          = unknown

PATH: /Users/federico/Software/T-COFFEE_distribution_Version_13.39.0.d675aed/install_dir/bin/macosx/
PATH: /Users/federico/scripts/perl/homer/bin/
PATH: /Users/federico/Software/intervene/intervene
PATH: /Users/federico/Software/ncbi-blast-2.7.1+/bin
PATH: /Users/federico/Software/clustalw
PATH: /Users/federico/Software/bedtools2-2.27.0/bin
PATH: /usr/local/bin
PATH: /usr/bin
PATH: /bin
PATH: /usr/sbin
PATH: /sbin
PATH: /opt/X11/bin


## ----------- ##
## Core tests. ##
## ----------- ##

configure:1902: checking for gcc
configure:1918: found /usr/bin/gcc
configure:1929: result: gcc
configure:2158: checking for C compiler version
configure:2167: gcc --version >&5
Apple LLVM version 10.0.0 (clang-1000.10.44.2)
Target: x86_64-apple-darwin17.7.0
Thread model: posix
InstalledDir: /Library/Developer/CommandLineTools/usr/bin
Configured with: --prefix=/Library/Developer/CommandLineTools/usr --with-gxx-include-dir=/usr/include/c++/4.2.1
configure:2178: $? = 0
configure:2167: gcc -v >&5
Configured with: --prefix=/Library/Developer/CommandLineTools/usr --with-gxx-include-dir=/usr/include/c++/4.2.1
Apple LLVM version 10.0.0 (clang-1000.10.44.2)
Target: x86_64-apple-darwin17.7.0
Thread model: posix
InstalledDir: /Library/Developer/CommandLineTools/usr/bin
configure:2178: $? = 0
configure:2167: gcc -V >&5
clang: error: argument to '-V' is missing (expected 1 value)
clang: error: no input files
configure:2178: $? = 1
configure:2167: gcc -qversion >&5
clang: error: unknown argument: '-qversion'
clang: error: no input files
configure:2178: $? = 1
configure:2198: checking whether the C compiler works
configure:2220: gcc -I/usr/local/include  -L/usr/local/lib conftest.c  >&5
configure:2224: $? = 0
configure:2272: result: yes
configure:2275: checking for C compiler default output file name
configure:2277: result: a.out
configure:2283: checking for suffix of executables
configure:2290: gcc -o conftest -I/usr/local/include  -L/usr/local/lib conftest.c  >&5
configure:2294: $? = 0
configure:2316: result: 
configure:2338: checking whether we are cross compiling
configure:2346: gcc -o conftest -I/usr/local/include  -L/usr/local/lib conftest.c  >&5
configure:2350: $? = 0
configure:2357: ./conftest
configure:2361: $? = 0
configure:2376: result: no
configure:2381: checking for suffix of object files
configure:2403: gcc -c -I/usr/local/include  conftest.c >&5
configure:2407: $? = 0
configure:2428: result: o
configure:2432: checking whether we are using the GNU C compiler
configure:2451: gcc -c -I/usr/local/include  conftest.c >&5
configure:2451: $? = 0
configure:2460: result: yes
configure:2469: checking whether gcc accepts -g
configure:2489: gcc -c -g  conftest.c >&5
configure:2489: $? = 0
configure:2530: result: yes
configure:2547: checking for gcc option to accept ISO C89
configure:2610: gcc  -c -I/usr/local/include  conftest.c >&5
configure:2610: $? = 0
configure:2623: result: none needed
configure:2652: checking for special C compiler options needed for large files
configure:2697: result: no
configure:2703: checking for _FILE_OFFSET_BITS value needed for large files
configure:2728: gcc -c -I/usr/local/include  conftest.c >&5
configure:2728: $? = 0
configure:2760: result: no
configure:2888: checking location of HTSlib source tree
configure:2909: result: htslib-1.3.1
configure:3127: checking for NcursesW wide-character library
configure:3151: gcc -o conftest -I/usr/local/include  -L/usr/local/lib conftest.c  -lncursesw >&5
ld: library not found for -lncursesw
clang: error: linker command failed with exit code 1 (use -v to see invocation)
configure:3151: $? = 1
configure: failed program was:
| /* confdefs.h */
| #define PACKAGE_NAME "Samtools"
| #define PACKAGE_TARNAME "samtools"
| #define PACKAGE_VERSION "1.3.1"
| #define PACKAGE_STRING "Samtools 1.3.1"
| #define PACKAGE_BUGREPORT "samtools-help@lists.sourceforge.net"
| #define PACKAGE_URL "http://www.htslib.org/"
| /* end confdefs.h.  */
| 
| /* Override any GCC internal prototype to avoid an error.
|    Use char because int might match the return type of a GCC
|    builtin and then its argument prototype would still apply.  */
| #ifdef __cplusplus
| extern "C"
| #endif
| char initscr ();
| int
| main ()
| {
| return initscr ();
|   ;
|   return 0;
| }
configure:3160: result: no
configure:3389: checking for Ncurses library
configure:3413: gcc -o conftest -I/usr/local/include  -L/usr/local/lib conftest.c  -lncurses >&5
configure:3413: $? = 0
configure:3422: result: yes
configure:3442: checking for working ncurses/curses.h
configure:3469: gcc -o conftest -I/usr/local/include  -L/usr/local/lib conftest.c  -lncurses >&5
conftest.c:12:34: fatal error: 'ncurses/curses.h' file not found
                        #include <ncurses/curses.h>
                                 ^~~~~~~~~~~~~~~~~~
1 error generated.
configure:3469: $? = 1
configure: failed program was:
| /* confdefs.h */
| #define PACKAGE_NAME "Samtools"
| #define PACKAGE_TARNAME "samtools"
| #define PACKAGE_VERSION "1.3.1"
| #define PACKAGE_STRING "Samtools 1.3.1"
| #define PACKAGE_BUGREPORT "samtools-help@lists.sourceforge.net"
| #define PACKAGE_URL "http://www.htslib.org/"
| #define HAVE_NCURSES 1
| #define HAVE_CURSES 1
| /* end confdefs.h.  */
| 
|                         #include <ncurses/curses.h>
| 
| int
| main ()
| {
| 
|                         chtype a = A_BOLD;
|                         int b = KEY_LEFT;
|                         chtype c = COLOR_PAIR(1) & A_COLOR;
|                         int g = getattrs(stdscr);
|                         int h = getcurx(stdscr) + getmaxx(stdscr);
|                         initscr();
|                         init_pair(1, COLOR_WHITE, COLOR_RED);
| 
|   ;
|   return 0;
| }
configure:3478: result: no
configure:3496: checking for working ncurses.h
configure:3523: gcc -o conftest -I/usr/local/include  -L/usr/local/lib conftest.c  -lncurses >&5
configure:3523: $? = 0
configure:3532: result: yes
configure:3866: checking for zlib.h
configure:3866: gcc -c -I/usr/local/include  conftest.c >&5
configure:3866: $? = 0
configure:3866: result: yes
configure:3875: checking for inflate in -lz
configure:3900: gcc -o conftest -I/usr/local/include  -L/usr/local/lib conftest.c -lz   >&5
configure:3900: $? = 0
configure:3909: result: yes
configure:4051: creating ./config.status

## ---------------------- ##
## Running config.status. ##
## ---------------------- ##

This file was extended by Samtools config.status 1.3.1, which was
generated by GNU Autoconf 2.69.  Invocation command line was

  CONFIG_FILES    = 
  CONFIG_HEADERS  = 
  CONFIG_LINKS    = 
  CONFIG_COMMANDS = 
  $ ./config.status 

on Federicos-MacBook-Pro.local

config.status:798: creating config.mk
config.status:798: creating config.h
configure:5276: === configuring in htslib-1.3.1 (/Users/federico/Documents/GitHub/TEspeX/bin/samtools-1.3.1/htslib-1.3.1)
configure:5339: running /bin/sh ./configure --disable-option-checking '--prefix=/Users/federico/Documents/GitHub/TEspeX/bin/samtools-1.3.1'  'CFLAGS=-I/usr/local/include' 'LDFLAGS=-L/usr/local/lib' --cache-file=/dev/null --srcdir=.

## ---------------- ##
## Cache variables. ##
## ---------------- ##

ac_cv_c_compiler_gnu=yes
ac_cv_env_CC_set=
ac_cv_env_CC_value=
ac_cv_env_CFLAGS_set=set
ac_cv_env_CFLAGS_value=-I/usr/local/include
ac_cv_env_CPPFLAGS_set=
ac_cv_env_CPPFLAGS_value=
ac_cv_env_CURSES_LIB_set=
ac_cv_env_CURSES_LIB_value=
ac_cv_env_LDFLAGS_set=set
ac_cv_env_LDFLAGS_value=-L/usr/local/lib
ac_cv_env_LIBS_set=
ac_cv_env_LIBS_value=
ac_cv_env_build_alias_set=
ac_cv_env_build_alias_value=
ac_cv_env_host_alias_set=
ac_cv_env_host_alias_value=
ac_cv_env_target_alias_set=
ac_cv_env_target_alias_value=
ac_cv_header_zlib_h=yes
ac_cv_lib_z_inflate=yes
ac_cv_objext=o
ac_cv_prog_ac_ct_CC=gcc
ac_cv_prog_cc_c89=
ac_cv_prog_cc_g=yes
ac_cv_sys_file_offset_bits=no
ac_cv_sys_largefile_CC=no
ax_cv_curses=yes
ax_cv_curses_color=yes
ax_cv_curses_enhanced=no
ax_cv_curses_obsolete=yes
ax_cv_curses_which=ncurses
ax_cv_header_ncurses_curses_h=no
ax_cv_header_ncurses_h=yes
ax_cv_htslib=yes
ax_cv_htslib_which=source
ax_cv_ncurses=yes
ax_cv_ncursesw=no

## ----------------- ##
## Output variables. ##
## ----------------- ##

CC='gcc'
CFLAGS='-I/usr/local/include'
CPPFLAGS=''
CURSES_LIB='-lncurses'
DEFS='-DHAVE_CONFIG_H'
ECHO_C='\c'
ECHO_N=''
ECHO_T=''
EXEEXT=''
HTSDIR='htslib-1.3.1'
HTSLIB_CPPFLAGS='-Ihtslib-1.3.1'
HTSLIB_LDFLAGS='-Lhtslib-1.3.1'
Hinstall='#'
Hsource=''
LDFLAGS='-L/usr/local/lib'
LIBOBJS=''
LIBS=''
LTLIBOBJS=''
OBJEXT='o'
PACKAGE_BUGREPORT='samtools-help@lists.sourceforge.net'
PACKAGE_NAME='Samtools'
PACKAGE_STRING='Samtools 1.3.1'
PACKAGE_TARNAME='samtools'
PACKAGE_URL='http://www.htslib.org/'
PACKAGE_VERSION='1.3.1'
PATH_SEPARATOR=':'
SHELL='/bin/sh'
ac_ct_CC='gcc'
bindir='${exec_prefix}/bin'
build_alias=''
datadir='${datarootdir}'
datarootdir='${prefix}/share'
docdir='${datarootdir}/doc/${PACKAGE_TARNAME}'
dvidir='${docdir}'
exec_prefix='${prefix}'
host_alias=''
htmldir='${docdir}'
includedir='${prefix}/include'
infodir='${datarootdir}/info'
libdir='${exec_prefix}/lib'
libexecdir='${exec_prefix}/libexec'
localedir='${datarootdir}/locale'
localstatedir='${prefix}/var'
mandir='${datarootdir}/man'
oldincludedir='/usr/include'
pdfdir='${docdir}'
prefix='/Users/federico/Documents/GitHub/TEspeX/bin/samtools-1.3.1'
program_transform_name='s,x,x,'
psdir='${docdir}'
sbindir='${exec_prefix}/sbin'
sharedstatedir='${prefix}/com'
subdirs=' htslib-1.3.1'
sysconfdir='${prefix}/etc'
target_alias=''

## ----------- ##
## confdefs.h. ##
## ----------- ##

/* confdefs.h */
#define PACKAGE_NAME "Samtools"
#define PACKAGE_TARNAME "samtools"
#define PACKAGE_VERSION "1.3.1"
#define PACKAGE_STRING "Samtools 1.3.1"
#define PACKAGE_BUGREPORT "samtools-help@lists.sourceforge.net"
#define PACKAGE_URL "http://www.htslib.org/"
#define HAVE_NCURSES 1
#define HAVE_CURSES 1
#define HAVE_CURSES_COLOR 1
#define HAVE_CURSES_OBSOLETE 1
#define HAVE_NCURSES_H 1
#define HAVE_LIBZ 1

configure: exit 0
